# JRE version: OpenJDK Runtime Environment (8.0_242-b01) (build 1.8.0_242-release-1644-b01)
# Java VM: OpenJDK 64-Bit Server VM (25.242-b01 mixed mode windows-amd64 compressed oops)
Heap:
 PSYoungGen      total 153088K, used 9938K [0x00000000d5580000, 0x00000000e1580000, 0x0000000100000000)
  eden space 140288K, 7% used [0x00000000d5580000,0x00000000d5f34bc8,0x00000000dde80000)
  from space 12800K, 0% used [0x00000000dea80000,0x00000000dea80000,0x00000000df700000)
  to   space 12288K, 0% used [0x00000000dde80000,0x00000000dde80000,0x00000000dea80000)
 ParOldGen       total 72704K, used 14125K [0x0000000080000000, 0x0000000084700000, 0x00000000d5580000)
  object space 72704K, 19% used [0x0000000080000000,0x0000000080dcb440,0x0000000084700000)
 Metaspace       used 34744K, capacity 35850K, committed 36136K, reserved 1081344K
  class space    used 4785K, capacity 5042K, committed 5168K, reserved 1048576K
GC Heap History (10 events):
Event: 14.653 GC heap before
{Heap before GC invocations=6 (full 1):
 PSYoungGen      total 57344K, used 6996K [0x00000000d5580000, 0x00000000dcb80000, 0x0000000100000000)
  eden space 49152K, 0% used [0x00000000d5580000,0x00000000d5580000,0x00000000d8580000)
  from space 8192K, 85% used [0x00000000d8580000,0x00000000d8c55040,0x00000000d8d80000)
  to   space 11264K, 0% used [0x00000000dc080000,0x00000000dc080000,0x00000000dcb80000)
 ParOldGen       total 131072K, used 2928K [0x0000000080000000, 0x0000000088000000, 0x00000000d5580000)
  object space 131072K, 2% used [0x0000000080000000,0x00000000802dc238,0x0000000088000000)
 Metaspace       used 20595K, capacity 21220K, committed 21296K, reserved 1067008K
  class space    used 2873K, capacity 3076K, committed 3120K, reserved 1048576K
Event: 14.730 GC heap after
Heap after GC invocations=6 (full 1):
 PSYoungGen      total 57344K, used 0K [0x00000000d5580000, 0x00000000dcb80000, 0x0000000100000000)
  eden space 49152K, 0% used [0x00000000d5580000,0x00000000d5580000,0x00000000d8580000)
  from space 8192K, 0% used [0x00000000d8580000,0x00000000d8580000,0x00000000d8d80000)
  to   space 11264K, 0% used [0x00000000dc080000,0x00000000dc080000,0x00000000dcb80000)
 ParOldGen       total 72704K, used 7385K [0x0000000080000000, 0x0000000084700000, 0x00000000d5580000)
  object space 72704K, 10% used [0x0000000080000000,0x00000000807365d0,0x0000000084700000)
 Metaspace       used 20595K, capacity 21220K, committed 21296K, reserved 1067008K
  class space    used 2873K, capacity 3076K, committed 3120K, reserved 1048576K
}
Event: 16.600 GC heap before
{Heap before GC invocations=7 (full 1):
 PSYoungGen      total 57344K, used 49152K [0x00000000d5580000, 0x00000000dcb80000, 0x0000000100000000)
  eden space 49152K, 100% used [0x00000000d5580000,0x00000000d8580000,0x00000000d8580000)
  from space 8192K, 0% used [0x00000000d8580000,0x00000000d8580000,0x00000000d8d80000)
  to   space 11264K, 0% used [0x00000000dc080000,0x00000000dc080000,0x00000000dcb80000)
 ParOldGen       total 72704K, used 7385K [0x0000000080000000, 0x0000000084700000, 0x00000000d5580000)
  object space 72704K, 10% used [0x0000000080000000,0x00000000807365d0,0x0000000084700000)
 Metaspace       used 25121K, capacity 25934K, committed 26160K, reserved 1071104K
  class space    used 3519K, capacity 3775K, committed 3888K, reserved 1048576K
Event: 16.615 GC heap after
Heap after GC invocations=7 (full 1):
 PSYoungGen      total 89600K, used 5442K [0x00000000d5580000, 0x00000000dc600000, 0x0000000100000000)
  eden space 83968K, 0% used [0x00000000d5580000,0x00000000d5580000,0x00000000da780000)
  from space 5632K, 96% used [0x00000000dc080000,0x00000000dc5d0978,0x00000000dc600000)
  to   space 11264K, 0% used [0x00000000db000000,0x00000000db000000,0x00000000dbb00000)
 ParOldGen       total 72704K, used 7385K [0x0000000080000000, 0x0000000084700000, 0x00000000d5580000)
  object space 72704K, 10% used [0x0000000080000000,0x00000000807365d0,0x0000000084700000)
 Metaspace       used 25121K, capacity 25934K, committed 26160K, reserved 1071104K
  class space    used 3519K, capacity 3775K, committed 3888K, reserved 1048576K
}
Event: 20.301 GC heap before
{Heap before GC invocations=8 (full 1):
 PSYoungGen      total 89600K, used 89410K [0x00000000d5580000, 0x00000000dc600000, 0x0000000100000000)
  eden space 83968K, 100% used [0x00000000d5580000,0x00000000da780000,0x00000000da780000)
  from space 5632K, 96% used [0x00000000dc080000,0x00000000dc5d0978,0x00000000dc600000)
  to   space 11264K, 0% used [0x00000000db000000,0x00000000db000000,0x00000000dbb00000)
 ParOldGen       total 72704K, used 7385K [0x0000000080000000, 0x0000000084700000, 0x00000000d5580000)
  object space 72704K, 10% used [0x0000000080000000,0x00000000807365d0,0x0000000084700000)
 Metaspace       used 33226K, capacity 34348K, committed 34608K, reserved 1079296K
  class space    used 4552K, capacity 4825K, committed 4912K, reserved 1048576K
Event: 20.315 GC heap after
Heap after GC invocations=8 (full 1):
 PSYoungGen      total 103936K, used 11001K [0x00000000d5580000, 0x00000000df700000, 0x0000000100000000)
  eden space 92672K, 0% used [0x00000000d5580000,0x00000000d5580000,0x00000000db000000)
  from space 11264K, 97% used [0x00000000db000000,0x00000000dbabe438,0x00000000dbb00000)
  to   space 12800K, 0% used [0x00000000dea80000,0x00000000dea80000,0x00000000df700000)
 ParOldGen       total 72704K, used 7393K [0x0000000080000000, 0x0000000084700000, 0x00000000d5580000)
  object space 72704K, 10% used [0x0000000080000000,0x00000000807385d0,0x0000000084700000)
 Metaspace       used 33226K, capacity 34348K, committed 34608K, reserved 1079296K
  class space    used 4552K, capacity 4825K, committed 4912K, reserved 1048576K
}
Event: 20.556 GC heap before
{Heap before GC invocations=9 (full 1):
 PSYoungGen      total 103936K, used 33758K [0x00000000d5580000, 0x00000000df700000, 0x0000000100000000)
  eden space 92672K, 24% used [0x00000000d5580000,0x00000000d6bb96f8,0x00000000db000000)
  from space 11264K, 97% used [0x00000000db000000,0x00000000dbabe438,0x00000000dbb00000)
  to   space 12800K, 0% used [0x00000000dea80000,0x00000000dea80000,0x00000000df700000)
 ParOldGen       total 72704K, used 7393K [0x0000000080000000, 0x0000000084700000, 0x00000000d5580000)
  object space 72704K, 10% used [0x0000000080000000,0x00000000807385d0,0x0000000084700000)
 Metaspace       used 34259K, capacity 35408K, committed 35496K, reserved 1079296K
  class space    used 4720K, capacity 5001K, committed 5040K, reserved 1048576K
Event: 20.579 GC heap after
Heap after GC invocations=9 (full 1):
 PSYoungGen      total 153088K, used 7764K [0x00000000d5580000, 0x00000000e1580000, 0x0000000100000000)
  eden space 140288K, 0% used [0x00000000d5580000,0x00000000d5580000,0x00000000dde80000)
  from space 12800K, 60% used [0x00000000dea80000,0x00000000df215078,0x00000000df700000)
  to   space 12288K, 0% used [0x00000000dde80000,0x00000000dde80000,0x00000000dea80000)
 ParOldGen       total 72704K, used 7401K [0x0000000080000000, 0x0000000084700000, 0x00000000d5580000)
  object space 72704K, 10% used [0x0000000080000000,0x000000008073a5d0,0x0000000084700000)
 Metaspace       used 34259K, capacity 35408K, committed 35496K, reserved 1079296K
  class space    used 4720K, capacity 5001K, committed 5040K, reserved 1048576K
}
Event: 20.579 GC heap before
{Heap before GC invocations=10 (full 2):
 PSYoungGen      total 153088K, used 7764K [0x00000000d5580000, 0x00000000e1580000, 0x0000000100000000)
  eden space 140288K, 0% used [0x00000000d5580000,0x00000000d5580000,0x00000000dde80000)
  from space 12800K, 60% used [0x00000000dea80000,0x00000000df215078,0x00000000df700000)
  to   space 12288K, 0% used [0x00000000dde80000,0x00000000dde80000,0x00000000dea80000)
 ParOldGen       total 72704K, used 7401K [0x0000000080000000, 0x0000000084700000, 0x00000000d5580000)
  object space 72704K, 10% used [0x0000000080000000,0x000000008073a5d0,0x0000000084700000)
 Metaspace       used 34259K, capacity 35408K, committed 35496K, reserved 1079296K
  class space    used 4720K, capacity 5001K, committed 5040K, reserved 1048576K
Event: 20.738 GC heap after
Heap after GC invocations=10 (full 2):
 PSYoungGen      total 153088K, used 0K [0x00000000d5580000, 0x00000000e1580000, 0x0000000100000000)
  eden space 140288K, 0% used [0x00000000d5580000,0x00000000d5580000,0x00000000dde80000)
  from space 12800K, 0% used [0x00000000dea80000,0x00000000dea80000,0x00000000df700000)
  to   space 12288K, 0% used [0x00000000dde80000,0x00000000dde80000,0x00000000dea80000)
 ParOldGen       total 72704K, used 14125K [0x0000000080000000, 0x0000000084700000, 0x00000000d5580000)
  object space 72704K, 19% used [0x0000000080000000,0x0000000080dcb440,0x0000000084700000)
 Metaspace       used 34259K, capacity 35408K, committed 35496K, reserved 1079296K
  class space    used 4720K, capacity 5001K, committed 5040K, reserved 1048576K
}

